<?xml version="1.0" encoding="UTF-8"?>
<testsuite xmlns:xsi="http://www.w3.org/2001/XMLSchema-instance" xsi:noNamespaceSchemaLocation="https://maven.apache.org/surefire/maven-surefire-plugin/xsd/surefire-test-report.xsd" name="tutorials.LinkedListTest" time="0.012" tests="11" errors="0" skipped="0" failures="0">
  <properties>
    <property name="sun.desktop" value="gnome"/>
    <property name="awt.toolkit" value="sun.awt.X11.XToolkit"/>
    <property name="java.specification.version" value="11"/>
    <property name="sun.cpu.isalist" value=""/>
    <property name="sun.jnu.encoding" value="UTF-8"/>
    <property name="java.class.path" value="/home/phoudail/Projects/tutorials/target/test-classes:/home/phoudail/Projects/tutorials/target/classes:/home/phoudail/.m2/repository/junit/junit/4.11/junit-4.11.jar:/home/phoudail/.m2/repository/org/hamcrest/hamcrest-core/1.3/hamcrest-core-1.3.jar:/home/phoudail/.m2/repository/org/openclover/clover/4.3.1/clover-4.3.1.jar:/tmp/grover1907958529236175424.jar:"/>
    <property name="java.vm.vendor" value="Oracle Corporation"/>
    <property name="sun.arch.data.model" value="64"/>
    <property name="java.vendor.url" value="http://java.oracle.com/"/>
    <property name="user.timezone" value=""/>
    <property name="java.vm.specification.version" value="11"/>
    <property name="os.name" value="Linux"/>
    <property name="sun.java.launcher" value="SUN_STANDARD"/>
    <property name="user.country" value="US"/>
    <property name="sun.boot.library.path" value="/usr/lib/jvm/java-11-openjdk-amd64/lib"/>
    <property name="sun.java.command" value="/home/phoudail/Projects/tutorials/target/surefire/surefirebooter897023434900994360.jar /home/phoudail/Projects/tutorials/target/surefire 2019-07-01T13-29-46_024-jvmRun1 surefire15269882373430187503tmp surefire_08672479607847303679tmp"/>
    <property name="jdk.debug" value="release"/>
    <property name="surefire.test.class.path" value="/home/phoudail/Projects/tutorials/target/test-classes:/home/phoudail/Projects/tutorials/target/classes:/home/phoudail/.m2/repository/junit/junit/4.11/junit-4.11.jar:/home/phoudail/.m2/repository/org/hamcrest/hamcrest-core/1.3/hamcrest-core-1.3.jar:/home/phoudail/.m2/repository/org/openclover/clover/4.3.1/clover-4.3.1.jar:/tmp/grover1907958529236175424.jar:"/>
    <property name="sun.cpu.endian" value="little"/>
    <property name="user.home" value="/home/phoudail"/>
    <property name="user.language" value="en"/>
    <property name="java.specification.vendor" value="Oracle Corporation"/>
    <property name="java.version.date" value="2019-04-16"/>
    <property name="java.home" value="/usr/lib/jvm/java-11-openjdk-amd64"/>
    <property name="file.separator" value="/"/>
    <property name="basedir" value="/home/phoudail/Projects/tutorials"/>
    <property name="java.vm.compressedOopsMode" value="Zero based"/>
    <property name="line.separator" value="&#10;"/>
    <property name="java.specification.name" value="Java Platform API Specification"/>
    <property name="java.vm.specification.vendor" value="Oracle Corporation"/>
    <property name="java.awt.graphicsenv" value="sun.awt.X11GraphicsEnvironment"/>
    <property name="surefire.real.class.path" value="/home/phoudail/Projects/tutorials/target/surefire/surefirebooter897023434900994360.jar"/>
    <property name="sun.management.compiler" value="HotSpot 64-Bit Tiered Compilers"/>
    <property name="java.runtime.version" value="11.0.3+7-Ubuntu-1ubuntu218.04.1"/>
    <property name="user.name" value="phoudail"/>
    <property name="path.separator" value=":"/>
    <property name="os.version" value="4.15.0-52-generic"/>
    <property name="java.runtime.name" value="OpenJDK Runtime Environment"/>
    <property name="file.encoding" value="UTF-8"/>
    <property name="java.vm.name" value="OpenJDK 64-Bit Server VM"/>
    <property name="localRepository" value="/home/phoudail/.m2/repository"/>
    <property name="java.vendor.url.bug" value="http://bugreport.java.com/bugreport/"/>
    <property name="java.io.tmpdir" value="/tmp"/>
    <property name="java.version" value="11.0.3"/>
    <property name="user.dir" value="/home/phoudail/Projects/tutorials"/>
    <property name="os.arch" value="amd64"/>
    <property name="java.vm.specification.name" value="Java Virtual Machine Specification"/>
    <property name="java.awt.printerjob" value="sun.print.PSPrinterJob"/>
    <property name="sun.os.patch.level" value="unknown"/>
    <property name="java.library.path" value="/usr/java/packages/lib:/usr/lib/x86_64-linux-gnu/jni:/lib/x86_64-linux-gnu:/usr/lib/x86_64-linux-gnu:/usr/lib/jni:/lib:/usr/lib"/>
    <property name="java.vendor" value="Oracle Corporation"/>
    <property name="java.vm.info" value="mixed mode, sharing"/>
    <property name="java.vm.version" value="11.0.3+7-Ubuntu-1ubuntu218.04.1"/>
    <property name="sun.io.unicode.encoding" value="UnicodeLittle"/>
    <property name="java.class.version" value="55.0"/>
  </properties>
  <testcase name="containsTest" classname="tutorials.LinkedListTest" time="0.006"/>
  <testcase name="getExceptTest" classname="tutorials.LinkedListTest" time="0"/>
  <testcase name="addTest" classname="tutorials.LinkedListTest" time="0"/>
  <testcase name="setExceptTest" classname="tutorials.LinkedListTest" time="0"/>
  <testcase name="isEmptyTest" classname="tutorials.LinkedListTest" time="0"/>
  <testcase name="getTest" classname="tutorials.LinkedListTest" time="0.002"/>
  <testcase name="removeAllTest" classname="tutorials.LinkedListTest" time="0"/>
  <testcase name="sizeTest" classname="tutorials.LinkedListTest" time="0"/>
  <testcase name="removeTest" classname="tutorials.LinkedListTest" time="0.003"/>
  <testcase name="indexOfTest" classname="tutorials.LinkedListTest" time="0"/>
  <testcase name="setTest" classname="tutorials.LinkedListTest" time="0"/>
</testsuite>